2026.05.23 16:17:10 INFO  Started: Metals version 1.6.7 in folders 'D:\dev\apps\new-frontiers' for client Neovim 0.12.2+v0.12.2.
2026.05.23 16:17:10 INFO  Memory monitor started
2026.05.23 16:17:11 WARN  Using H2 2.4.240 which is newer than the version Flyway has been verified with. The latest verified version of H2 is 2.3.232.
2026.05.23 16:17:11 INFO  no build target found for D:\dev\apps\new-frontiers\build.sbt. Using presentation compiler with project's scala-library version: 3.3.7
2026.05.23 16:17:23 INFO  no build target found for D:\dev\apps\new-frontiers\build.sbt. Using presentation compiler with project's scala-library version: 3.3.7
2026.05.23 16:17:23 WARN  no build target for: D:\dev\apps\new-frontiers\build.sbt
2026.05.23 16:17:23 INFO  no build target found for D:\dev\apps\new-frontiers\build.sbt. Using presentation compiler with project's scala-library version: 3.3.7
2026.05.23 16:20:38 INFO  no build target found for D:\dev\apps\new-frontiers\build.sbt. Using presentation compiler with project's scala-library version: 3.3.7
2026.05.23 16:20:38 INFO  no build target found for D:\dev\apps\new-frontiers\build.sbt. Using presentation compiler with project's scala-library version: 3.3.7
2026.05.23 16:20:42 INFO  no build target found for D:\dev\apps\new-frontiers\build.sbt. Using presentation compiler with project's scala-library version: 3.3.7
2026.05.23 16:20:42 INFO  no build target found for D:\dev\apps\new-frontiers\build.sbt. Using presentation compiler with project's scala-library version: 3.3.7
2026.05.23 16:20:44 INFO  no build target found for D:\dev\apps\new-frontiers\build.sbt. Using presentation compiler with project's scala-library version: 3.3.7
2026.05.23 16:20:44 INFO  no build target found for D:\dev\apps\new-frontiers\build.sbt. Using presentation compiler with project's scala-library version: 3.3.7
2026.05.23 16:20:45 WARN  no build target for: D:\dev\apps\new-frontiers\build.sbt
2026.05.23 16:20:45 INFO  no build target found for D:\dev\apps\new-frontiers\build.sbt. Using presentation compiler with project's scala-library version: 3.3.7
2026.05.23 16:20:45 INFO  no build target found for D:\dev\apps\new-frontiers\build.sbt. Using presentation compiler with project's scala-library version: 3.3.7
2026.05.23 16:20:48 WARN  no build target for: D:\dev\apps\new-frontiers\build.sbt
2026.05.23 16:20:48 INFO  Shutting down server
2026.05.23 16:20:48 INFO  Memory monitor stopped
2026.05.23 16:20:48 INFO  shutting down Metals
2026.05.23 16:20:48 INFO  skipping build import with status 'Dismissed'
